E0201 11:00:31.005232  776074 dev.go:83] Failed to load initial config from "/home/mst/Projects/noble/noble-web/dataconnect": could not find dataconnect.yaml in `/home/mst/Projects/noble/noble-web/dataconnect`
E0201 11:00:31.005502  776074 watch.go:116] watchAllDir unable to walk dir `/home/mst/Projects/noble/noble-web/dataconnect`: lstat /home/mst/Projects/noble/noble-web/dataconnect: no such file or directory
I0201 11:00:31.007492  776074 dev.go:104] Listening on address (HTTP + gRPC): 127.0.0.1:50001
E0201 11:00:41.014503  776074 watch.go:40] Failed to load config from "/home/mst/Projects/noble/noble-web/dataconnect": could not find dataconnect.yaml in `/home/mst/Projects/noble/noble-web/dataconnect`
E0201 11:00:51.015663  776074 watch.go:40] Failed to load config from "/home/mst/Projects/noble/noble-web/dataconnect": could not find dataconnect.yaml in `/home/mst/Projects/noble/noble-web/dataconnect`
E0201 11:01:01.005653  776074 watch.go:40] Failed to load config from "/home/mst/Projects/noble/noble-web/dataconnect": could not find dataconnect.yaml in `/home/mst/Projects/noble/noble-web/dataconnect`
E0201 11:01:11.014705  776074 watch.go:40] Failed to load config from "/home/mst/Projects/noble/noble-web/dataconnect": could not find dataconnect.yaml in `/home/mst/Projects/noble/noble-web/dataconnect`
E0201 11:01:21.014387  776074 watch.go:40] Failed to load config from "/home/mst/Projects/noble/noble-web/dataconnect": could not find dataconnect.yaml in `/home/mst/Projects/noble/noble-web/dataconnect`
E0201 11:01:31.006423  776074 watch.go:116] watchAllDir unable to walk dir `/home/mst/Projects/noble/noble-web/dataconnect`: lstat /home/mst/Projects/noble/noble-web/dataconnect: no such file or directory
E0201 11:01:31.006506  776074 watch.go:40] Failed to load config from "/home/mst/Projects/noble/noble-web/dataconnect": could not find dataconnect.yaml in `/home/mst/Projects/noble/noble-web/dataconnect`
E0201 11:01:41.015386  776074 watch.go:40] Failed to load config from "/home/mst/Projects/noble/noble-web/dataconnect": could not find dataconnect.yaml in `/home/mst/Projects/noble/noble-web/dataconnect`
E0201 11:01:51.015403  776074 watch.go:40] Failed to load config from "/home/mst/Projects/noble/noble-web/dataconnect": could not find dataconnect.yaml in `/home/mst/Projects/noble/noble-web/dataconnect`
E0201 11:02:01.006539  776074 watch.go:40] Failed to load config from "/home/mst/Projects/noble/noble-web/dataconnect": could not find dataconnect.yaml in `/home/mst/Projects/noble/noble-web/dataconnect`
E0201 11:02:11.015567  776074 watch.go:40] Failed to load config from "/home/mst/Projects/noble/noble-web/dataconnect": could not find dataconnect.yaml in `/home/mst/Projects/noble/noble-web/dataconnect`
E0201 11:02:21.015390  776074 watch.go:40] Failed to load config from "/home/mst/Projects/noble/noble-web/dataconnect": could not find dataconnect.yaml in `/home/mst/Projects/noble/noble-web/dataconnect`
E0201 11:02:31.006468  776074 watch.go:116] watchAllDir unable to walk dir `/home/mst/Projects/noble/noble-web/dataconnect`: lstat /home/mst/Projects/noble/noble-web/dataconnect: no such file or directory
E0201 11:02:31.006532  776074 watch.go:40] Failed to load config from "/home/mst/Projects/noble/noble-web/dataconnect": could not find dataconnect.yaml in `/home/mst/Projects/noble/noble-web/dataconnect`
E0201 11:02:41.006096  776074 watch.go:40] Failed to load config from "/home/mst/Projects/noble/noble-web/dataconnect": could not find dataconnect.yaml in `/home/mst/Projects/noble/noble-web/dataconnect`
E0201 11:02:51.005721  776074 watch.go:40] Failed to load config from "/home/mst/Projects/noble/noble-web/dataconnect": could not find dataconnect.yaml in `/home/mst/Projects/noble/noble-web/dataconnect`
E0201 11:03:01.006286  776074 watch.go:40] Failed to load config from "/home/mst/Projects/noble/noble-web/dataconnect": could not find dataconnect.yaml in `/home/mst/Projects/noble/noble-web/dataconnect`
E0201 11:03:11.014385  776074 watch.go:40] Failed to load config from "/home/mst/Projects/noble/noble-web/dataconnect": could not find dataconnect.yaml in `/home/mst/Projects/noble/noble-web/dataconnect`
E0201 11:03:21.015413  776074 watch.go:40] Failed to load config from "/home/mst/Projects/noble/noble-web/dataconnect": could not find dataconnect.yaml in `/home/mst/Projects/noble/noble-web/dataconnect`
E0201 11:03:31.006457  776074 watch.go:116] watchAllDir unable to walk dir `/home/mst/Projects/noble/noble-web/dataconnect`: lstat /home/mst/Projects/noble/noble-web/dataconnect: no such file or directory
E0201 11:03:31.006517  776074 watch.go:40] Failed to load config from "/home/mst/Projects/noble/noble-web/dataconnect": could not find dataconnect.yaml in `/home/mst/Projects/noble/noble-web/dataconnect`
E0201 11:03:41.015605  776074 watch.go:40] Failed to load config from "/home/mst/Projects/noble/noble-web/dataconnect": could not find dataconnect.yaml in `/home/mst/Projects/noble/noble-web/dataconnect`
E0201 11:03:51.013396  776074 watch.go:40] Failed to load config from "/home/mst/Projects/noble/noble-web/dataconnect": could not find dataconnect.yaml in `/home/mst/Projects/noble/noble-web/dataconnect`
E0201 11:04:01.006493  776074 watch.go:40] Failed to load config from "/home/mst/Projects/noble/noble-web/dataconnect": could not find dataconnect.yaml in `/home/mst/Projects/noble/noble-web/dataconnect`
E0201 11:04:11.006062  776074 watch.go:40] Failed to load config from "/home/mst/Projects/noble/noble-web/dataconnect": could not find dataconnect.yaml in `/home/mst/Projects/noble/noble-web/dataconnect`
E0201 11:04:21.014387  776074 watch.go:40] Failed to load config from "/home/mst/Projects/noble/noble-web/dataconnect": could not find dataconnect.yaml in `/home/mst/Projects/noble/noble-web/dataconnect`
E0201 11:04:31.006127  776074 watch.go:116] watchAllDir unable to walk dir `/home/mst/Projects/noble/noble-web/dataconnect`: lstat /home/mst/Projects/noble/noble-web/dataconnect: no such file or directory
E0201 11:04:31.006185  776074 watch.go:40] Failed to load config from "/home/mst/Projects/noble/noble-web/dataconnect": could not find dataconnect.yaml in `/home/mst/Projects/noble/noble-web/dataconnect`
E0201 11:04:41.011631  776074 watch.go:40] Failed to load config from "/home/mst/Projects/noble/noble-web/dataconnect": could not find dataconnect.yaml in `/home/mst/Projects/noble/noble-web/dataconnect`
E0201 11:04:51.005911  776074 watch.go:40] Failed to load config from "/home/mst/Projects/noble/noble-web/dataconnect": could not find dataconnect.yaml in `/home/mst/Projects/noble/noble-web/dataconnect`
E0201 11:05:01.006451  776074 watch.go:40] Failed to load config from "/home/mst/Projects/noble/noble-web/dataconnect": could not find dataconnect.yaml in `/home/mst/Projects/noble/noble-web/dataconnect`
E0201 11:05:11.008551  776074 watch.go:40] Failed to load config from "/home/mst/Projects/noble/noble-web/dataconnect": could not find dataconnect.yaml in `/home/mst/Projects/noble/noble-web/dataconnect`
E0201 11:05:21.015580  776074 watch.go:40] Failed to load config from "/home/mst/Projects/noble/noble-web/dataconnect": could not find dataconnect.yaml in `/home/mst/Projects/noble/noble-web/dataconnect`
E0201 11:05:31.005587  776074 watch.go:116] watchAllDir unable to walk dir `/home/mst/Projects/noble/noble-web/dataconnect`: lstat /home/mst/Projects/noble/noble-web/dataconnect: no such file or directory
E0201 11:05:31.005671  776074 watch.go:40] Failed to load config from "/home/mst/Projects/noble/noble-web/dataconnect": could not find dataconnect.yaml in `/home/mst/Projects/noble/noble-web/dataconnect`
E0201 11:05:41.014719  776074 watch.go:40] Failed to load config from "/home/mst/Projects/noble/noble-web/dataconnect": could not find dataconnect.yaml in `/home/mst/Projects/noble/noble-web/dataconnect`
E0201 11:05:51.006128  776074 watch.go:40] Failed to load config from "/home/mst/Projects/noble/noble-web/dataconnect": could not find dataconnect.yaml in `/home/mst/Projects/noble/noble-web/dataconnect`
E0201 11:06:01.005825  776074 watch.go:40] Failed to load config from "/home/mst/Projects/noble/noble-web/dataconnect": could not find dataconnect.yaml in `/home/mst/Projects/noble/noble-web/dataconnect`
E0201 11:06:11.005678  776074 watch.go:40] Failed to load config from "/home/mst/Projects/noble/noble-web/dataconnect": could not find dataconnect.yaml in `/home/mst/Projects/noble/noble-web/dataconnect`
E0201 11:06:21.014389  776074 watch.go:40] Failed to load config from "/home/mst/Projects/noble/noble-web/dataconnect": could not find dataconnect.yaml in `/home/mst/Projects/noble/noble-web/dataconnect`
E0201 11:06:31.006465  776074 watch.go:116] watchAllDir unable to walk dir `/home/mst/Projects/noble/noble-web/dataconnect`: lstat /home/mst/Projects/noble/noble-web/dataconnect: no such file or directory
E0201 11:06:31.006529  776074 watch.go:40] Failed to load config from "/home/mst/Projects/noble/noble-web/dataconnect": could not find dataconnect.yaml in `/home/mst/Projects/noble/noble-web/dataconnect`
E0201 11:06:41.015397  776074 watch.go:40] Failed to load config from "/home/mst/Projects/noble/noble-web/dataconnect": could not find dataconnect.yaml in `/home/mst/Projects/noble/noble-web/dataconnect`
E0201 11:06:51.015386  776074 watch.go:40] Failed to load config from "/home/mst/Projects/noble/noble-web/dataconnect": could not find dataconnect.yaml in `/home/mst/Projects/noble/noble-web/dataconnect`
E0201 11:07:01.006356  776074 watch.go:40] Failed to load config from "/home/mst/Projects/noble/noble-web/dataconnect": could not find dataconnect.yaml in `/home/mst/Projects/noble/noble-web/dataconnect`
E0201 11:07:11.015405  776074 watch.go:40] Failed to load config from "/home/mst/Projects/noble/noble-web/dataconnect": could not find dataconnect.yaml in `/home/mst/Projects/noble/noble-web/dataconnect`
E0201 11:07:21.015384  776074 watch.go:40] Failed to load config from "/home/mst/Projects/noble/noble-web/dataconnect": could not find dataconnect.yaml in `/home/mst/Projects/noble/noble-web/dataconnect`
E0201 11:07:31.006134  776074 watch.go:116] watchAllDir unable to walk dir `/home/mst/Projects/noble/noble-web/dataconnect`: lstat /home/mst/Projects/noble/noble-web/dataconnect: no such file or directory
E0201 11:07:31.006218  776074 watch.go:40] Failed to load config from "/home/mst/Projects/noble/noble-web/dataconnect": could not find dataconnect.yaml in `/home/mst/Projects/noble/noble-web/dataconnect`
E0201 11:07:41.008820  776074 watch.go:40] Failed to load config from "/home/mst/Projects/noble/noble-web/dataconnect": could not find dataconnect.yaml in `/home/mst/Projects/noble/noble-web/dataconnect`
E0201 11:07:51.014412  776074 watch.go:40] Failed to load config from "/home/mst/Projects/noble/noble-web/dataconnect": could not find dataconnect.yaml in `/home/mst/Projects/noble/noble-web/dataconnect`
E0201 11:08:01.006098  776074 watch.go:40] Failed to load config from "/home/mst/Projects/noble/noble-web/dataconnect": could not find dataconnect.yaml in `/home/mst/Projects/noble/noble-web/dataconnect`
E0201 11:08:11.014443  776074 watch.go:40] Failed to load config from "/home/mst/Projects/noble/noble-web/dataconnect": could not find dataconnect.yaml in `/home/mst/Projects/noble/noble-web/dataconnect`
E0201 11:08:21.009398  776074 watch.go:40] Failed to load config from "/home/mst/Projects/noble/noble-web/dataconnect": could not find dataconnect.yaml in `/home/mst/Projects/noble/noble-web/dataconnect`
E0201 11:08:31.005824  776074 watch.go:116] watchAllDir unable to walk dir `/home/mst/Projects/noble/noble-web/dataconnect`: lstat /home/mst/Projects/noble/noble-web/dataconnect: no such file or directory
E0201 11:08:31.005886  776074 watch.go:40] Failed to load config from "/home/mst/Projects/noble/noble-web/dataconnect": could not find dataconnect.yaml in `/home/mst/Projects/noble/noble-web/dataconnect`
E0201 11:08:41.014480  776074 watch.go:40] Failed to load config from "/home/mst/Projects/noble/noble-web/dataconnect": could not find dataconnect.yaml in `/home/mst/Projects/noble/noble-web/dataconnect`
E0201 11:08:51.015505  776074 watch.go:40] Failed to load config from "/home/mst/Projects/noble/noble-web/dataconnect": could not find dataconnect.yaml in `/home/mst/Projects/noble/noble-web/dataconnect`
E0201 11:09:01.006579  776074 watch.go:40] Failed to load config from "/home/mst/Projects/noble/noble-web/dataconnect": could not find dataconnect.yaml in `/home/mst/Projects/noble/noble-web/dataconnect`
E0201 11:09:11.005693  776074 watch.go:40] Failed to load config from "/home/mst/Projects/noble/noble-web/dataconnect": could not find dataconnect.yaml in `/home/mst/Projects/noble/noble-web/dataconnect`
E0201 11:09:21.015406  776074 watch.go:40] Failed to load config from "/home/mst/Projects/noble/noble-web/dataconnect": could not find dataconnect.yaml in `/home/mst/Projects/noble/noble-web/dataconnect`
E0201 11:09:31.006461  776074 watch.go:116] watchAllDir unable to walk dir `/home/mst/Projects/noble/noble-web/dataconnect`: lstat /home/mst/Projects/noble/noble-web/dataconnect: no such file or directory
E0201 11:09:31.006527  776074 watch.go:40] Failed to load config from "/home/mst/Projects/noble/noble-web/dataconnect": could not find dataconnect.yaml in `/home/mst/Projects/noble/noble-web/dataconnect`
E0201 11:09:41.009158  776074 watch.go:40] Failed to load config from "/home/mst/Projects/noble/noble-web/dataconnect": could not find dataconnect.yaml in `/home/mst/Projects/noble/noble-web/dataconnect`
E0201 11:09:51.015222  776074 watch.go:40] Failed to load config from "/home/mst/Projects/noble/noble-web/dataconnect": could not find dataconnect.yaml in `/home/mst/Projects/noble/noble-web/dataconnect`
E0201 11:10:01.006219  776074 watch.go:40] Failed to load config from "/home/mst/Projects/noble/noble-web/dataconnect": could not find dataconnect.yaml in `/home/mst/Projects/noble/noble-web/dataconnect`
E0201 11:10:11.011080  776074 watch.go:40] Failed to load config from "/home/mst/Projects/noble/noble-web/dataconnect": could not find dataconnect.yaml in `/home/mst/Projects/noble/noble-web/dataconnect`
E0201 11:10:21.014417  776074 watch.go:40] Failed to load config from "/home/mst/Projects/noble/noble-web/dataconnect": could not find dataconnect.yaml in `/home/mst/Projects/noble/noble-web/dataconnect`
E0201 11:10:31.006445  776074 watch.go:116] watchAllDir unable to walk dir `/home/mst/Projects/noble/noble-web/dataconnect`: lstat /home/mst/Projects/noble/noble-web/dataconnect: no such file or directory
E0201 11:10:31.006504  776074 watch.go:40] Failed to load config from "/home/mst/Projects/noble/noble-web/dataconnect": could not find dataconnect.yaml in `/home/mst/Projects/noble/noble-web/dataconnect`
E0201 11:10:41.015387  776074 watch.go:40] Failed to load config from "/home/mst/Projects/noble/noble-web/dataconnect": could not find dataconnect.yaml in `/home/mst/Projects/noble/noble-web/dataconnect`
E0201 11:10:51.015392  776074 watch.go:40] Failed to load config from "/home/mst/Projects/noble/noble-web/dataconnect": could not find dataconnect.yaml in `/home/mst/Projects/noble/noble-web/dataconnect`
E0201 11:11:01.006440  776074 watch.go:40] Failed to load config from "/home/mst/Projects/noble/noble-web/dataconnect": could not find dataconnect.yaml in `/home/mst/Projects/noble/noble-web/dataconnect`
E0201 11:11:11.005947  776074 watch.go:40] Failed to load config from "/home/mst/Projects/noble/noble-web/dataconnect": could not find dataconnect.yaml in `/home/mst/Projects/noble/noble-web/dataconnect`
E0201 11:11:21.005741  776074 watch.go:40] Failed to load config from "/home/mst/Projects/noble/noble-web/dataconnect": could not find dataconnect.yaml in `/home/mst/Projects/noble/noble-web/dataconnect`
E0201 11:11:31.006459  776074 watch.go:116] watchAllDir unable to walk dir `/home/mst/Projects/noble/noble-web/dataconnect`: lstat /home/mst/Projects/noble/noble-web/dataconnect: no such file or directory
E0201 11:11:31.006527  776074 watch.go:40] Failed to load config from "/home/mst/Projects/noble/noble-web/dataconnect": could not find dataconnect.yaml in `/home/mst/Projects/noble/noble-web/dataconnect`
E0201 11:11:41.007408  776074 watch.go:40] Failed to load config from "/home/mst/Projects/noble/noble-web/dataconnect": could not find dataconnect.yaml in `/home/mst/Projects/noble/noble-web/dataconnect`
E0201 11:11:51.015437  776074 watch.go:40] Failed to load config from "/home/mst/Projects/noble/noble-web/dataconnect": could not find dataconnect.yaml in `/home/mst/Projects/noble/noble-web/dataconnect`
E0201 11:12:01.006494  776074 watch.go:40] Failed to load config from "/home/mst/Projects/noble/noble-web/dataconnect": could not find dataconnect.yaml in `/home/mst/Projects/noble/noble-web/dataconnect`
E0201 11:12:11.015041  776074 watch.go:40] Failed to load config from "/home/mst/Projects/noble/noble-web/dataconnect": could not find dataconnect.yaml in `/home/mst/Projects/noble/noble-web/dataconnect`
E0201 11:12:21.014409  776074 watch.go:40] Failed to load config from "/home/mst/Projects/noble/noble-web/dataconnect": could not find dataconnect.yaml in `/home/mst/Projects/noble/noble-web/dataconnect`
E0201 11:12:31.006490  776074 watch.go:116] watchAllDir unable to walk dir `/home/mst/Projects/noble/noble-web/dataconnect`: lstat /home/mst/Projects/noble/noble-web/dataconnect: no such file or directory
E0201 11:12:31.006567  776074 watch.go:40] Failed to load config from "/home/mst/Projects/noble/noble-web/dataconnect": could not find dataconnect.yaml in `/home/mst/Projects/noble/noble-web/dataconnect`
E0201 11:12:41.012098  776074 watch.go:40] Failed to load config from "/home/mst/Projects/noble/noble-web/dataconnect": could not find dataconnect.yaml in `/home/mst/Projects/noble/noble-web/dataconnect`
E0201 11:12:51.015143  776074 watch.go:40] Failed to load config from "/home/mst/Projects/noble/noble-web/dataconnect": could not find dataconnect.yaml in `/home/mst/Projects/noble/noble-web/dataconnect`
E0201 11:13:01.006051  776074 watch.go:40] Failed to load config from "/home/mst/Projects/noble/noble-web/dataconnect": could not find dataconnect.yaml in `/home/mst/Projects/noble/noble-web/dataconnect`
E0201 11:13:11.014400  776074 watch.go:40] Failed to load config from "/home/mst/Projects/noble/noble-web/dataconnect": could not find dataconnect.yaml in `/home/mst/Projects/noble/noble-web/dataconnect`
E0201 11:13:21.005969  776074 watch.go:40] Failed to load config from "/home/mst/Projects/noble/noble-web/dataconnect": could not find dataconnect.yaml in `/home/mst/Projects/noble/noble-web/dataconnect`
E0201 11:13:31.006413  776074 watch.go:116] watchAllDir unable to walk dir `/home/mst/Projects/noble/noble-web/dataconnect`: lstat /home/mst/Projects/noble/noble-web/dataconnect: no such file or directory
E0201 11:13:31.006446  776074 watch.go:40] Failed to load config from "/home/mst/Projects/noble/noble-web/dataconnect": could not find dataconnect.yaml in `/home/mst/Projects/noble/noble-web/dataconnect`
E0201 11:13:41.015412  776074 watch.go:40] Failed to load config from "/home/mst/Projects/noble/noble-web/dataconnect": could not find dataconnect.yaml in `/home/mst/Projects/noble/noble-web/dataconnect`
E0201 11:13:51.015007  776074 watch.go:40] Failed to load config from "/home/mst/Projects/noble/noble-web/dataconnect": could not find dataconnect.yaml in `/home/mst/Projects/noble/noble-web/dataconnect`
E0201 11:14:01.006015  776074 watch.go:40] Failed to load config from "/home/mst/Projects/noble/noble-web/dataconnect": could not find dataconnect.yaml in `/home/mst/Projects/noble/noble-web/dataconnect`
E0201 11:14:11.014411  776074 watch.go:40] Failed to load config from "/home/mst/Projects/noble/noble-web/dataconnect": could not find dataconnect.yaml in `/home/mst/Projects/noble/noble-web/dataconnect`
E0201 11:14:21.015400  776074 watch.go:40] Failed to load config from "/home/mst/Projects/noble/noble-web/dataconnect": could not find dataconnect.yaml in `/home/mst/Projects/noble/noble-web/dataconnect`
E0201 11:14:31.006563  776074 watch.go:116] watchAllDir unable to walk dir `/home/mst/Projects/noble/noble-web/dataconnect`: lstat /home/mst/Projects/noble/noble-web/dataconnect: no such file or directory
E0201 11:14:31.006637  776074 watch.go:40] Failed to load config from "/home/mst/Projects/noble/noble-web/dataconnect": could not find dataconnect.yaml in `/home/mst/Projects/noble/noble-web/dataconnect`
E0201 11:14:41.014389  776074 watch.go:40] Failed to load config from "/home/mst/Projects/noble/noble-web/dataconnect": could not find dataconnect.yaml in `/home/mst/Projects/noble/noble-web/dataconnect`
E0201 11:14:51.015424  776074 watch.go:40] Failed to load config from "/home/mst/Projects/noble/noble-web/dataconnect": could not find dataconnect.yaml in `/home/mst/Projects/noble/noble-web/dataconnect`
E0201 11:15:01.006503  776074 watch.go:40] Failed to load config from "/home/mst/Projects/noble/noble-web/dataconnect": could not find dataconnect.yaml in `/home/mst/Projects/noble/noble-web/dataconnect`
E0201 11:15:11.015383  776074 watch.go:40] Failed to load config from "/home/mst/Projects/noble/noble-web/dataconnect": could not find dataconnect.yaml in `/home/mst/Projects/noble/noble-web/dataconnect`
E0201 11:15:21.015382  776074 watch.go:40] Failed to load config from "/home/mst/Projects/noble/noble-web/dataconnect": could not find dataconnect.yaml in `/home/mst/Projects/noble/noble-web/dataconnect`
E0201 11:15:31.006325  776074 watch.go:116] watchAllDir unable to walk dir `/home/mst/Projects/noble/noble-web/dataconnect`: lstat /home/mst/Projects/noble/noble-web/dataconnect: no such file or directory
E0201 11:15:31.006359  776074 watch.go:40] Failed to load config from "/home/mst/Projects/noble/noble-web/dataconnect": could not find dataconnect.yaml in `/home/mst/Projects/noble/noble-web/dataconnect`
E0201 11:15:41.015292  776074 watch.go:40] Failed to load config from "/home/mst/Projects/noble/noble-web/dataconnect": could not find dataconnect.yaml in `/home/mst/Projects/noble/noble-web/dataconnect`
E0201 11:15:51.014412  776074 watch.go:40] Failed to load config from "/home/mst/Projects/noble/noble-web/dataconnect": could not find dataconnect.yaml in `/home/mst/Projects/noble/noble-web/dataconnect`
E0201 11:16:01.006573  776074 watch.go:40] Failed to load config from "/home/mst/Projects/noble/noble-web/dataconnect": could not find dataconnect.yaml in `/home/mst/Projects/noble/noble-web/dataconnect`
E0201 11:16:11.013400  776074 watch.go:40] Failed to load config from "/home/mst/Projects/noble/noble-web/dataconnect": could not find dataconnect.yaml in `/home/mst/Projects/noble/noble-web/dataconnect`
E0201 11:16:21.015420  776074 watch.go:40] Failed to load config from "/home/mst/Projects/noble/noble-web/dataconnect": could not find dataconnect.yaml in `/home/mst/Projects/noble/noble-web/dataconnect`
E0201 11:16:31.006441  776074 watch.go:116] watchAllDir unable to walk dir `/home/mst/Projects/noble/noble-web/dataconnect`: lstat /home/mst/Projects/noble/noble-web/dataconnect: no such file or directory
E0201 11:16:31.006486  776074 watch.go:40] Failed to load config from "/home/mst/Projects/noble/noble-web/dataconnect": could not find dataconnect.yaml in `/home/mst/Projects/noble/noble-web/dataconnect`
E0201 11:16:41.015590  776074 watch.go:40] Failed to load config from "/home/mst/Projects/noble/noble-web/dataconnect": could not find dataconnect.yaml in `/home/mst/Projects/noble/noble-web/dataconnect`
E0201 11:16:51.015385  776074 watch.go:40] Failed to load config from "/home/mst/Projects/noble/noble-web/dataconnect": could not find dataconnect.yaml in `/home/mst/Projects/noble/noble-web/dataconnect`
E0201 11:17:01.006474  776074 watch.go:40] Failed to load config from "/home/mst/Projects/noble/noble-web/dataconnect": could not find dataconnect.yaml in `/home/mst/Projects/noble/noble-web/dataconnect`
E0201 11:17:11.012057  776074 watch.go:40] Failed to load config from "/home/mst/Projects/noble/noble-web/dataconnect": could not find dataconnect.yaml in `/home/mst/Projects/noble/noble-web/dataconnect`
E0201 11:17:21.015090  776074 watch.go:40] Failed to load config from "/home/mst/Projects/noble/noble-web/dataconnect": could not find dataconnect.yaml in `/home/mst/Projects/noble/noble-web/dataconnect`
E0201 11:17:31.006579  776074 watch.go:116] watchAllDir unable to walk dir `/home/mst/Projects/noble/noble-web/dataconnect`: lstat /home/mst/Projects/noble/noble-web/dataconnect: no such file or directory
E0201 11:17:31.006710  776074 watch.go:40] Failed to load config from "/home/mst/Projects/noble/noble-web/dataconnect": could not find dataconnect.yaml in `/home/mst/Projects/noble/noble-web/dataconnect`
E0201 11:17:41.005724  776074 watch.go:40] Failed to load config from "/home/mst/Projects/noble/noble-web/dataconnect": could not find dataconnect.yaml in `/home/mst/Projects/noble/noble-web/dataconnect`
E0201 11:17:51.014411  776074 watch.go:40] Failed to load config from "/home/mst/Projects/noble/noble-web/dataconnect": could not find dataconnect.yaml in `/home/mst/Projects/noble/noble-web/dataconnect`
E0201 11:18:01.006512  776074 watch.go:40] Failed to load config from "/home/mst/Projects/noble/noble-web/dataconnect": could not find dataconnect.yaml in `/home/mst/Projects/noble/noble-web/dataconnect`
E0201 11:18:11.015409  776074 watch.go:40] Failed to load config from "/home/mst/Projects/noble/noble-web/dataconnect": could not find dataconnect.yaml in `/home/mst/Projects/noble/noble-web/dataconnect`
E0201 11:18:21.015428  776074 watch.go:40] Failed to load config from "/home/mst/Projects/noble/noble-web/dataconnect": could not find dataconnect.yaml in `/home/mst/Projects/noble/noble-web/dataconnect`
E0201 11:18:31.005720  776074 watch.go:116] watchAllDir unable to walk dir `/home/mst/Projects/noble/noble-web/dataconnect`: lstat /home/mst/Projects/noble/noble-web/dataconnect: no such file or directory
E0201 11:18:31.005785  776074 watch.go:40] Failed to load config from "/home/mst/Projects/noble/noble-web/dataconnect": could not find dataconnect.yaml in `/home/mst/Projects/noble/noble-web/dataconnect`
E0201 11:18:41.006112  776074 watch.go:40] Failed to load config from "/home/mst/Projects/noble/noble-web/dataconnect": could not find dataconnect.yaml in `/home/mst/Projects/noble/noble-web/dataconnect`
E0201 11:18:51.015091  776074 watch.go:40] Failed to load config from "/home/mst/Projects/noble/noble-web/dataconnect": could not find dataconnect.yaml in `/home/mst/Projects/noble/noble-web/dataconnect`
E0201 11:19:01.006305  776074 watch.go:40] Failed to load config from "/home/mst/Projects/noble/noble-web/dataconnect": could not find dataconnect.yaml in `/home/mst/Projects/noble/noble-web/dataconnect`
E0201 11:19:11.014419  776074 watch.go:40] Failed to load config from "/home/mst/Projects/noble/noble-web/dataconnect": could not find dataconnect.yaml in `/home/mst/Projects/noble/noble-web/dataconnect`
E0201 11:19:21.015417  776074 watch.go:40] Failed to load config from "/home/mst/Projects/noble/noble-web/dataconnect": could not find dataconnect.yaml in `/home/mst/Projects/noble/noble-web/dataconnect`
E0201 11:19:31.006471  776074 watch.go:116] watchAllDir unable to walk dir `/home/mst/Projects/noble/noble-web/dataconnect`: lstat /home/mst/Projects/noble/noble-web/dataconnect: no such file or directory
E0201 11:19:31.006582  776074 watch.go:40] Failed to load config from "/home/mst/Projects/noble/noble-web/dataconnect": could not find dataconnect.yaml in `/home/mst/Projects/noble/noble-web/dataconnect`
E0201 11:19:41.006006  776074 watch.go:40] Failed to load config from "/home/mst/Projects/noble/noble-web/dataconnect": could not find dataconnect.yaml in `/home/mst/Projects/noble/noble-web/dataconnect`
E0201 11:19:51.005732  776074 watch.go:40] Failed to load config from "/home/mst/Projects/noble/noble-web/dataconnect": could not find dataconnect.yaml in `/home/mst/Projects/noble/noble-web/dataconnect`
E0201 11:20:01.006568  776074 watch.go:40] Failed to load config from "/home/mst/Projects/noble/noble-web/dataconnect": could not find dataconnect.yaml in `/home/mst/Projects/noble/noble-web/dataconnect`
E0201 11:20:11.009572  776074 watch.go:40] Failed to load config from "/home/mst/Projects/noble/noble-web/dataconnect": could not find dataconnect.yaml in `/home/mst/Projects/noble/noble-web/dataconnect`
E0201 11:20:21.007444  776074 watch.go:40] Failed to load config from "/home/mst/Projects/noble/noble-web/dataconnect": could not find dataconnect.yaml in `/home/mst/Projects/noble/noble-web/dataconnect`
E0201 11:20:31.006571  776074 watch.go:116] watchAllDir unable to walk dir `/home/mst/Projects/noble/noble-web/dataconnect`: lstat /home/mst/Projects/noble/noble-web/dataconnect: no such file or directory
E0201 11:20:31.006648  776074 watch.go:40] Failed to load config from "/home/mst/Projects/noble/noble-web/dataconnect": could not find dataconnect.yaml in `/home/mst/Projects/noble/noble-web/dataconnect`
E0201 11:20:41.014412  776074 watch.go:40] Failed to load config from "/home/mst/Projects/noble/noble-web/dataconnect": could not find dataconnect.yaml in `/home/mst/Projects/noble/noble-web/dataconnect`
E0201 11:20:51.015455  776074 watch.go:40] Failed to load config from "/home/mst/Projects/noble/noble-web/dataconnect": could not find dataconnect.yaml in `/home/mst/Projects/noble/noble-web/dataconnect`
E0201 11:21:01.006504  776074 watch.go:40] Failed to load config from "/home/mst/Projects/noble/noble-web/dataconnect": could not find dataconnect.yaml in `/home/mst/Projects/noble/noble-web/dataconnect`
E0201 11:21:11.015413  776074 watch.go:40] Failed to load config from "/home/mst/Projects/noble/noble-web/dataconnect": could not find dataconnect.yaml in `/home/mst/Projects/noble/noble-web/dataconnect`
E0201 11:21:21.015408  776074 watch.go:40] Failed to load config from "/home/mst/Projects/noble/noble-web/dataconnect": could not find dataconnect.yaml in `/home/mst/Projects/noble/noble-web/dataconnect`
E0201 11:21:31.006475  776074 watch.go:116] watchAllDir unable to walk dir `/home/mst/Projects/noble/noble-web/dataconnect`: lstat /home/mst/Projects/noble/noble-web/dataconnect: no such file or directory
E0201 11:21:31.006551  776074 watch.go:40] Failed to load config from "/home/mst/Projects/noble/noble-web/dataconnect": could not find dataconnect.yaml in `/home/mst/Projects/noble/noble-web/dataconnect`
E0201 11:21:41.015415  776074 watch.go:40] Failed to load config from "/home/mst/Projects/noble/noble-web/dataconnect": could not find dataconnect.yaml in `/home/mst/Projects/noble/noble-web/dataconnect`
E0201 11:21:51.006000  776074 watch.go:40] Failed to load config from "/home/mst/Projects/noble/noble-web/dataconnect": could not find dataconnect.yaml in `/home/mst/Projects/noble/noble-web/dataconnect`
E0201 11:22:01.006460  776074 watch.go:40] Failed to load config from "/home/mst/Projects/noble/noble-web/dataconnect": could not find dataconnect.yaml in `/home/mst/Projects/noble/noble-web/dataconnect`
E0201 11:22:11.015426  776074 watch.go:40] Failed to load config from "/home/mst/Projects/noble/noble-web/dataconnect": could not find dataconnect.yaml in `/home/mst/Projects/noble/noble-web/dataconnect`
E0201 11:22:21.015453  776074 watch.go:40] Failed to load config from "/home/mst/Projects/noble/noble-web/dataconnect": could not find dataconnect.yaml in `/home/mst/Projects/noble/noble-web/dataconnect`
E0201 11:22:31.006262  776074 watch.go:116] watchAllDir unable to walk dir `/home/mst/Projects/noble/noble-web/dataconnect`: lstat /home/mst/Projects/noble/noble-web/dataconnect: no such file or directory
E0201 11:22:31.006366  776074 watch.go:40] Failed to load config from "/home/mst/Projects/noble/noble-web/dataconnect": could not find dataconnect.yaml in `/home/mst/Projects/noble/noble-web/dataconnect`
E0201 11:22:41.015413  776074 watch.go:40] Failed to load config from "/home/mst/Projects/noble/noble-web/dataconnect": could not find dataconnect.yaml in `/home/mst/Projects/noble/noble-web/dataconnect`
E0201 11:22:51.015415  776074 watch.go:40] Failed to load config from "/home/mst/Projects/noble/noble-web/dataconnect": could not find dataconnect.yaml in `/home/mst/Projects/noble/noble-web/dataconnect`
E0201 11:23:01.005879  776074 watch.go:40] Failed to load config from "/home/mst/Projects/noble/noble-web/dataconnect": could not find dataconnect.yaml in `/home/mst/Projects/noble/noble-web/dataconnect`
E0201 11:23:11.014397  776074 watch.go:40] Failed to load config from "/home/mst/Projects/noble/noble-web/dataconnect": could not find dataconnect.yaml in `/home/mst/Projects/noble/noble-web/dataconnect`
E0201 11:23:21.015394  776074 watch.go:40] Failed to load config from "/home/mst/Projects/noble/noble-web/dataconnect": could not find dataconnect.yaml in `/home/mst/Projects/noble/noble-web/dataconnect`
E0201 11:23:31.005876  776074 watch.go:116] watchAllDir unable to walk dir `/home/mst/Projects/noble/noble-web/dataconnect`: lstat /home/mst/Projects/noble/noble-web/dataconnect: no such file or directory
E0201 11:23:31.005935  776074 watch.go:40] Failed to load config from "/home/mst/Projects/noble/noble-web/dataconnect": could not find dataconnect.yaml in `/home/mst/Projects/noble/noble-web/dataconnect`
E0201 11:23:41.014400  776074 watch.go:40] Failed to load config from "/home/mst/Projects/noble/noble-web/dataconnect": could not find dataconnect.yaml in `/home/mst/Projects/noble/noble-web/dataconnect`
E0201 11:23:51.015450  776074 watch.go:40] Failed to load config from "/home/mst/Projects/noble/noble-web/dataconnect": could not find dataconnect.yaml in `/home/mst/Projects/noble/noble-web/dataconnect`
E0201 11:24:01.006387  776074 watch.go:40] Failed to load config from "/home/mst/Projects/noble/noble-web/dataconnect": could not find dataconnect.yaml in `/home/mst/Projects/noble/noble-web/dataconnect`
E0201 11:24:11.015459  776074 watch.go:40] Failed to load config from "/home/mst/Projects/noble/noble-web/dataconnect": could not find dataconnect.yaml in `/home/mst/Projects/noble/noble-web/dataconnect`
E0201 11:24:21.012157  776074 watch.go:40] Failed to load config from "/home/mst/Projects/noble/noble-web/dataconnect": could not find dataconnect.yaml in `/home/mst/Projects/noble/noble-web/dataconnect`
E0201 11:24:31.005786  776074 watch.go:116] watchAllDir unable to walk dir `/home/mst/Projects/noble/noble-web/dataconnect`: lstat /home/mst/Projects/noble/noble-web/dataconnect: no such file or directory
E0201 11:24:31.005881  776074 watch.go:40] Failed to load config from "/home/mst/Projects/noble/noble-web/dataconnect": could not find dataconnect.yaml in `/home/mst/Projects/noble/noble-web/dataconnect`
E0201 11:24:41.014417  776074 watch.go:40] Failed to load config from "/home/mst/Projects/noble/noble-web/dataconnect": could not find dataconnect.yaml in `/home/mst/Projects/noble/noble-web/dataconnect`
E0201 11:24:51.007275  776074 watch.go:40] Failed to load config from "/home/mst/Projects/noble/noble-web/dataconnect": could not find dataconnect.yaml in `/home/mst/Projects/noble/noble-web/dataconnect`
E0201 11:25:01.006433  776074 watch.go:40] Failed to load config from "/home/mst/Projects/noble/noble-web/dataconnect": could not find dataconnect.yaml in `/home/mst/Projects/noble/noble-web/dataconnect`
E0201 11:25:11.015455  776074 watch.go:40] Failed to load config from "/home/mst/Projects/noble/noble-web/dataconnect": could not find dataconnect.yaml in `/home/mst/Projects/noble/noble-web/dataconnect`
E0201 11:25:21.015410  776074 watch.go:40] Failed to load config from "/home/mst/Projects/noble/noble-web/dataconnect": could not find dataconnect.yaml in `/home/mst/Projects/noble/noble-web/dataconnect`
E0201 11:25:31.006433  776074 watch.go:116] watchAllDir unable to walk dir `/home/mst/Projects/noble/noble-web/dataconnect`: lstat /home/mst/Projects/noble/noble-web/dataconnect: no such file or directory
E0201 11:25:31.006491  776074 watch.go:40] Failed to load config from "/home/mst/Projects/noble/noble-web/dataconnect": could not find dataconnect.yaml in `/home/mst/Projects/noble/noble-web/dataconnect`
E0201 11:25:41.015547  776074 watch.go:40] Failed to load config from "/home/mst/Projects/noble/noble-web/dataconnect": could not find dataconnect.yaml in `/home/mst/Projects/noble/noble-web/dataconnect`
E0201 11:25:51.015381  776074 watch.go:40] Failed to load config from "/home/mst/Projects/noble/noble-web/dataconnect": could not find dataconnect.yaml in `/home/mst/Projects/noble/noble-web/dataconnect`
E0201 11:26:01.006137  776074 watch.go:40] Failed to load config from "/home/mst/Projects/noble/noble-web/dataconnect": could not find dataconnect.yaml in `/home/mst/Projects/noble/noble-web/dataconnect`
E0201 11:26:11.005963  776074 watch.go:40] Failed to load config from "/home/mst/Projects/noble/noble-web/dataconnect": could not find dataconnect.yaml in `/home/mst/Projects/noble/noble-web/dataconnect`
E0201 11:26:21.005703  776074 watch.go:40] Failed to load config from "/home/mst/Projects/noble/noble-web/dataconnect": could not find dataconnect.yaml in `/home/mst/Projects/noble/noble-web/dataconnect`
E0201 11:26:31.006507  776074 watch.go:116] watchAllDir unable to walk dir `/home/mst/Projects/noble/noble-web/dataconnect`: lstat /home/mst/Projects/noble/noble-web/dataconnect: no such file or directory
E0201 11:26:31.006581  776074 watch.go:40] Failed to load config from "/home/mst/Projects/noble/noble-web/dataconnect": could not find dataconnect.yaml in `/home/mst/Projects/noble/noble-web/dataconnect`
E0201 11:26:41.015403  776074 watch.go:40] Failed to load config from "/home/mst/Projects/noble/noble-web/dataconnect": could not find dataconnect.yaml in `/home/mst/Projects/noble/noble-web/dataconnect`
E0201 11:26:51.012108  776074 watch.go:40] Failed to load config from "/home/mst/Projects/noble/noble-web/dataconnect": could not find dataconnect.yaml in `/home/mst/Projects/noble/noble-web/dataconnect`
E0201 11:27:01.006247  776074 watch.go:40] Failed to load config from "/home/mst/Projects/noble/noble-web/dataconnect": could not find dataconnect.yaml in `/home/mst/Projects/noble/noble-web/dataconnect`
E0201 11:27:11.015281  776074 watch.go:40] Failed to load config from "/home/mst/Projects/noble/noble-web/dataconnect": could not find dataconnect.yaml in `/home/mst/Projects/noble/noble-web/dataconnect`
E0201 11:27:21.011127  776074 watch.go:40] Failed to load config from "/home/mst/Projects/noble/noble-web/dataconnect": could not find dataconnect.yaml in `/home/mst/Projects/noble/noble-web/dataconnect`
E0201 11:27:31.005806  776074 watch.go:116] watchAllDir unable to walk dir `/home/mst/Projects/noble/noble-web/dataconnect`: lstat /home/mst/Projects/noble/noble-web/dataconnect: no such file or directory
E0201 11:27:31.005852  776074 watch.go:40] Failed to load config from "/home/mst/Projects/noble/noble-web/dataconnect": could not find dataconnect.yaml in `/home/mst/Projects/noble/noble-web/dataconnect`
E0201 11:27:41.006141  776074 watch.go:40] Failed to load config from "/home/mst/Projects/noble/noble-web/dataconnect": could not find dataconnect.yaml in `/home/mst/Projects/noble/noble-web/dataconnect`
E0201 11:27:51.014399  776074 watch.go:40] Failed to load config from "/home/mst/Projects/noble/noble-web/dataconnect": could not find dataconnect.yaml in `/home/mst/Projects/noble/noble-web/dataconnect`
E0201 11:28:01.006514  776074 watch.go:40] Failed to load config from "/home/mst/Projects/noble/noble-web/dataconnect": could not find dataconnect.yaml in `/home/mst/Projects/noble/noble-web/dataconnect`
E0201 11:28:11.015392  776074 watch.go:40] Failed to load config from "/home/mst/Projects/noble/noble-web/dataconnect": could not find dataconnect.yaml in `/home/mst/Projects/noble/noble-web/dataconnect`
E0201 11:28:21.005876  776074 watch.go:40] Failed to load config from "/home/mst/Projects/noble/noble-web/dataconnect": could not find dataconnect.yaml in `/home/mst/Projects/noble/noble-web/dataconnect`
E0201 11:28:31.006462  776074 watch.go:116] watchAllDir unable to walk dir `/home/mst/Projects/noble/noble-web/dataconnect`: lstat /home/mst/Projects/noble/noble-web/dataconnect: no such file or directory
E0201 11:28:31.006554  776074 watch.go:40] Failed to load config from "/home/mst/Projects/noble/noble-web/dataconnect": could not find dataconnect.yaml in `/home/mst/Projects/noble/noble-web/dataconnect`
E0201 11:28:41.013284  776074 watch.go:40] Failed to load config from "/home/mst/Projects/noble/noble-web/dataconnect": could not find dataconnect.yaml in `/home/mst/Projects/noble/noble-web/dataconnect`
